<?xml version="1.0" encoding="UTF-8"?>
<!-- Generated by org.testng.reporters.JUnitXMLReporter -->
<testsuite ignored="0" hostname="rushikesh" failures="1" tests="12" name="Test" time="161.677" errors="0" timestamp="2023-11-06T14:31:56 IST">
  <testcase classname="UC_wotnot_pages_test.Login_page_test" name="buttontest" time="0.046"/>
  <testcase classname="UC_wotnot_pages_test.Login_page_test" name="loginpagetiletest" time="0.014"/>
  <testcase classname="UC_wotnot_pages_test.Login_page_test" name="logotest" time="0.052"/>
  <testcase classname="UC_wotnot_pages_test.Auth2FA_page_test" name="authaction" time="5.138"/>
  <testcase classname="UC_wotnot_pages_test.Auth2FA_page_test" name="titleverifiaction" time="0.013"/>
  <testcase classname="UC_wotnot_pages_test.Auth2FA_page_test" name="verifybutton" time="0.02"/>
  <testcase classname="UC_wotnot_pages_test.UC_portal_test" name="dashtest" time="2.181"/>
  <testcase classname="UC_wotnot_pages_test.UC_portal_test" name="logotest" time="3.389">
    <failure type="java.lang.AssertionError" message="expected [true] but found [false]">
      <![CDATA[java.lang.AssertionError: expected [true] but found [false]
at UC_wotnot_pages_test.UC_portal_test.logotest(UC_portal_test.java:65)
at java.base/java.util.ArrayList.forEach(ArrayList.java:1511)
... Removed 31 stack frames]]>
    </failure>
  </testcase> <!-- logotest -->
  <testcase classname="UC_wotnot_pages_test.UC_portal_test" name="redirection" time="5.223"/>
  <testcase classname="UC_wotnot_pages_test.UC_chatbot_List_test" name="verifybotname" time="9.884"/>
  <testcase classname="UC_wotnot_pages_test.UC_chatbot_List_test" name="verifyredirecctionaction" time="29.354"/>
  <testcase classname="UC_wotnot_pages_test.UC_chatbot_List_test" name="verifystatus" time="9.569"/>
</testsuite> <!-- Test -->
